[debug] [2022-05-27T10:05:18.501Z] ----------------------------------------------------------------------
[debug] [2022-05-27T10:05:18.504Z] Command:       C:\Program Files\nodejs\node.exe C:\Users\Khalid\AppData\Roaming\npm\node_modules\firebase-tools\lib\bin\firebase.js deploy
[debug] [2022-05-27T10:05:18.504Z] CLI Version:   11.0.1
[debug] [2022-05-27T10:05:18.505Z] Platform:      win32
[debug] [2022-05-27T10:05:18.505Z] Node Version:  v18.2.0
[debug] [2022-05-27T10:05:18.506Z] Time:          Fri May 27 2022 15:05:18 GMT+0500 (Pakistan Standard Time)
[debug] [2022-05-27T10:05:18.507Z] ----------------------------------------------------------------------
[debug] 
[debug] [2022-05-27T10:05:18.609Z] > command requires scopes: ["email","openid","https://www.googleapis.com/auth/cloudplatformprojects.readonly","https://www.googleapis.com/auth/firebase","https://www.googleapis.com/auth/cloud-platform"]
[debug] [2022-05-27T10:05:18.610Z] > authorizing via signed-in user (abrarprince471@gmail.com)
[debug] [2022-05-27T10:05:18.610Z] [iam] checking project abrar-khalid-official for permissions ["firebase.projects.get","firebasehosting.sites.update"]
[debug] [2022-05-27T10:05:18.613Z] >>> [apiv2][query] POST https://cloudresourcemanager.googleapis.com/v1/projects/abrar-khalid-official:testIamPermissions [none]
[debug] [2022-05-27T10:05:18.614Z] >>> [apiv2][body] POST https://cloudresourcemanager.googleapis.com/v1/projects/abrar-khalid-official:testIamPermissions {"permissions":["firebase.projects.get","firebasehosting.sites.update"]}
[debug] [2022-05-27T10:05:20.850Z] <<< [apiv2][status] POST https://cloudresourcemanager.googleapis.com/v1/projects/abrar-khalid-official:testIamPermissions 200
[debug] [2022-05-27T10:05:20.850Z] <<< [apiv2][body] POST https://cloudresourcemanager.googleapis.com/v1/projects/abrar-khalid-official:testIamPermissions {"permissions":["firebase.projects.get","firebasehosting.sites.update"]}
[debug] [2022-05-27T10:05:20.852Z] >>> [apiv2][query] GET https://firebase.googleapis.com/v1beta1/projects/abrar-khalid-official [none]
[debug] [2022-05-27T10:05:21.655Z] <<< [apiv2][status] GET https://firebase.googleapis.com/v1beta1/projects/abrar-khalid-official 200
[debug] [2022-05-27T10:05:21.656Z] <<< [apiv2][body] GET https://firebase.googleapis.com/v1beta1/projects/abrar-khalid-official {"projectId":"abrar-khalid-official","projectNumber":"144727793354","displayName":"Abrar-khalid-official","name":"projects/abrar-khalid-official","resources":{"hostingSite":"abrar-khalid-official"},"state":"ACTIVE"}
[info] 
[info] === Deploying to 'abrar-khalid-official'...
[info] 
[info] i  deploying hosting 
[debug] [2022-05-27T10:05:21.659Z] >>> [apiv2][query] GET https://firebase.googleapis.com/v1beta1/projects/abrar-khalid-official [none]
[debug] [2022-05-27T10:05:22.957Z] <<< [apiv2][status] GET https://firebase.googleapis.com/v1beta1/projects/abrar-khalid-official 200
[debug] [2022-05-27T10:05:22.958Z] <<< [apiv2][body] GET https://firebase.googleapis.com/v1beta1/projects/abrar-khalid-official {"projectId":"abrar-khalid-official","projectNumber":"144727793354","displayName":"Abrar-khalid-official","name":"projects/abrar-khalid-official","resources":{"hostingSite":"abrar-khalid-official"},"state":"ACTIVE"}
[debug] [2022-05-27T10:05:22.961Z] >>> [apiv2][query] POST https://firebasehosting.googleapis.com/v1beta1/projects/144727793354/sites/abrar-khalid-official/versions [none]
[debug] [2022-05-27T10:05:22.961Z] >>> [apiv2][body] POST https://firebasehosting.googleapis.com/v1beta1/projects/144727793354/sites/abrar-khalid-official/versions {"config":{"rewrites":[{"glob":"**","path":"/index.html"}]},"labels":{"deployment-tool":"cli-firebase"}}
[debug] [2022-05-27T10:05:25.791Z] <<< [apiv2][status] POST https://firebasehosting.googleapis.com/v1beta1/projects/144727793354/sites/abrar-khalid-official/versions 200
[debug] [2022-05-27T10:05:25.791Z] <<< [apiv2][body] POST https://firebasehosting.googleapis.com/v1beta1/projects/144727793354/sites/abrar-khalid-official/versions {"name":"projects/144727793354/sites/abrar-khalid-official/versions/63b4fedb0eb97af4","status":"CREATED","config":{"rewrites":[{"glob":"**","path":"/index.html"}]},"labels":{"deployment-tool":"cli-firebase"}}
[info] i  hosting[abrar-khalid-official]: beginning deploy... 
[info] i  hosting[abrar-khalid-official]: found 11 files in public 
[debug] [2022-05-27T10:05:25.837Z] [hosting] uploading with 200 concurrency
[debug] [2022-05-27T10:05:25.838Z] [hosting] hash cache [cHVibGlj] not populated
[debug] [2022-05-27T10:05:26.029Z] [hosting] hash cache [cHVibGlj] stored for 11 files
[debug] [2022-05-27T10:05:26.029Z] [hosting][hash queue][FINAL] {"max":183,"min":90,"avg":113.81818181818181,"active":0,"complete":11,"success":11,"errored":0,"retried":0,"total":11,"elapsed":190}
[debug] [2022-05-27T10:05:26.030Z] >>> [apiv2][query] POST https://firebasehosting.googleapis.com/v1beta1/projects/144727793354/sites/abrar-khalid-official/versions/63b4fedb0eb97af4:populateFiles [none]
[debug] [2022-05-27T10:05:26.030Z] >>> [apiv2][body] POST https://firebasehosting.googleapis.com/v1beta1/projects/144727793354/sites/abrar-khalid-official/versions/63b4fedb0eb97af4:populateFiles {"files":{"/index.html":"dbf8ddf43de887097a1b579c260215b4c7c04010e790284f62b8263cc44ad96a","/img/qrCodeLD.svg":"1d684711df46b3e027a544710fe3bb5aebd5d4cfd7434371af9966d3bafe2593","/style.css":"f759842d04f797b5b3ac0da1cd2dd4bab442e00f1781df00d7e61126306fe7d1","/img/logo-circle.png":"6c453b003678a3c4a76fd97ad84581781d5c874fc51f3643e37e42b47e532994","/img/work-2.PNG":"def88b852e7f05641c2b33902df37ddfa5b3a62bf45d806625b6b32df3f75a9c","/img/work-1.PNG":"3b4acfcdba3ff2ba30779b572328e5c6706ca4c79565a645478254fbc32aa9ad","/particles/app.js":"1fcc91d04dfa81690c012a1d99b44da93a206ec1f3901b8562c02a824b30bbe1","/particles/particles.min.js":"0ee111ee962f87ba1ac13ac11630361a4d8df25c1f9b6bb33b11e559aec67f03","/img/work-3.PNG":"59eb634e81c17aefce3e1e5544e87f73ad1eb86e7dad8d9c85a0be48b020a811","/img/Image1.jpg":"79e0a93f918fa965e10fa6facda1cb7c2aded57555fb50a54f561a37354e4eea","/img/work-4.PNG":"d76ddfe8d870a5be0a781ba00d19c6fb092bd7b8e33dd55225876dcda2c0ed3c"}}
[debug] [2022-05-27T10:05:28.260Z] <<< [apiv2][status] POST https://firebasehosting.googleapis.com/v1beta1/projects/144727793354/sites/abrar-khalid-official/versions/63b4fedb0eb97af4:populateFiles 200
[debug] [2022-05-27T10:05:28.260Z] <<< [apiv2][body] POST https://firebasehosting.googleapis.com/v1beta1/projects/144727793354/sites/abrar-khalid-official/versions/63b4fedb0eb97af4:populateFiles {"uploadRequiredHashes":["dbf8ddf43de887097a1b579c260215b4c7c04010e790284f62b8263cc44ad96a","1fcc91d04dfa81690c012a1d99b44da93a206ec1f3901b8562c02a824b30bbe1","f759842d04f797b5b3ac0da1cd2dd4bab442e00f1781df00d7e61126306fe7d1","0ee111ee962f87ba1ac13ac11630361a4d8df25c1f9b6bb33b11e559aec67f03","1d684711df46b3e027a544710fe3bb5aebd5d4cfd7434371af9966d3bafe2593"],"uploadUrl":"https://upload-firebasehosting.googleapis.com/upload/sites/abrar-khalid-official/versions/63b4fedb0eb97af4/files"}
[debug] [2022-05-27T10:05:28.262Z] >>> [apiv2][query] POST https://upload-firebasehosting.googleapis.com/upload/sites/abrar-khalid-official/versions/63b4fedb0eb97af4/files/dbf8ddf43de887097a1b579c260215b4c7c04010e790284f62b8263cc44ad96a [none]
[debug] [2022-05-27T10:05:28.262Z] >>> [apiv2][body] POST https://upload-firebasehosting.googleapis.com/upload/sites/abrar-khalid-official/versions/63b4fedb0eb97af4/files/dbf8ddf43de887097a1b579c260215b4c7c04010e790284f62b8263cc44ad96a [stream]
[debug] [2022-05-27T10:05:28.265Z] >>> [apiv2][query] POST https://upload-firebasehosting.googleapis.com/upload/sites/abrar-khalid-official/versions/63b4fedb0eb97af4/files/1fcc91d04dfa81690c012a1d99b44da93a206ec1f3901b8562c02a824b30bbe1 [none]
[debug] [2022-05-27T10:05:28.265Z] >>> [apiv2][body] POST https://upload-firebasehosting.googleapis.com/upload/sites/abrar-khalid-official/versions/63b4fedb0eb97af4/files/1fcc91d04dfa81690c012a1d99b44da93a206ec1f3901b8562c02a824b30bbe1 [stream]
[debug] [2022-05-27T10:05:28.269Z] >>> [apiv2][query] POST https://upload-firebasehosting.googleapis.com/upload/sites/abrar-khalid-official/versions/63b4fedb0eb97af4/files/f759842d04f797b5b3ac0da1cd2dd4bab442e00f1781df00d7e61126306fe7d1 [none]
[debug] [2022-05-27T10:05:28.269Z] >>> [apiv2][body] POST https://upload-firebasehosting.googleapis.com/upload/sites/abrar-khalid-official/versions/63b4fedb0eb97af4/files/f759842d04f797b5b3ac0da1cd2dd4bab442e00f1781df00d7e61126306fe7d1 [stream]
[debug] [2022-05-27T10:05:28.273Z] >>> [apiv2][query] POST https://upload-firebasehosting.googleapis.com/upload/sites/abrar-khalid-official/versions/63b4fedb0eb97af4/files/0ee111ee962f87ba1ac13ac11630361a4d8df25c1f9b6bb33b11e559aec67f03 [none]
[debug] [2022-05-27T10:05:28.274Z] >>> [apiv2][body] POST https://upload-firebasehosting.googleapis.com/upload/sites/abrar-khalid-official/versions/63b4fedb0eb97af4/files/0ee111ee962f87ba1ac13ac11630361a4d8df25c1f9b6bb33b11e559aec67f03 [stream]
[debug] [2022-05-27T10:05:28.277Z] >>> [apiv2][query] POST https://upload-firebasehosting.googleapis.com/upload/sites/abrar-khalid-official/versions/63b4fedb0eb97af4/files/1d684711df46b3e027a544710fe3bb5aebd5d4cfd7434371af9966d3bafe2593 [none]
[debug] [2022-05-27T10:05:28.277Z] >>> [apiv2][body] POST https://upload-firebasehosting.googleapis.com/upload/sites/abrar-khalid-official/versions/63b4fedb0eb97af4/files/1d684711df46b3e027a544710fe3bb5aebd5d4cfd7434371af9966d3bafe2593 [stream]
[debug] [2022-05-27T10:05:28.280Z] [hosting][populate queue][FINAL] {"max":2236,"min":2236,"avg":2236,"active":0,"complete":1,"success":1,"errored":0,"retried":0,"total":1,"elapsed":2254}
[debug] [2022-05-27T10:05:28.280Z] [hosting] uploads queued: 5
[debug] [2022-05-27T10:05:30.772Z] <<< [apiv2][status] POST https://upload-firebasehosting.googleapis.com/upload/sites/abrar-khalid-official/versions/63b4fedb0eb97af4/files/f759842d04f797b5b3ac0da1cd2dd4bab442e00f1781df00d7e61126306fe7d1 200
[debug] [2022-05-27T10:05:30.772Z] <<< [apiv2][body] POST https://upload-firebasehosting.googleapis.com/upload/sites/abrar-khalid-official/versions/63b4fedb0eb97af4/files/f759842d04f797b5b3ac0da1cd2dd4bab442e00f1781df00d7e61126306fe7d1 [stream]
[debug] [2022-05-27T10:05:30.821Z] <<< [apiv2][status] POST https://upload-firebasehosting.googleapis.com/upload/sites/abrar-khalid-official/versions/63b4fedb0eb97af4/files/dbf8ddf43de887097a1b579c260215b4c7c04010e790284f62b8263cc44ad96a 200
[debug] [2022-05-27T10:05:30.821Z] <<< [apiv2][body] POST https://upload-firebasehosting.googleapis.com/upload/sites/abrar-khalid-official/versions/63b4fedb0eb97af4/files/dbf8ddf43de887097a1b579c260215b4c7c04010e790284f62b8263cc44ad96a [stream]
[debug] [2022-05-27T10:05:31.082Z] <<< [apiv2][status] POST https://upload-firebasehosting.googleapis.com/upload/sites/abrar-khalid-official/versions/63b4fedb0eb97af4/files/1fcc91d04dfa81690c012a1d99b44da93a206ec1f3901b8562c02a824b30bbe1 200
[debug] [2022-05-27T10:05:31.083Z] <<< [apiv2][body] POST https://upload-firebasehosting.googleapis.com/upload/sites/abrar-khalid-official/versions/63b4fedb0eb97af4/files/1fcc91d04dfa81690c012a1d99b44da93a206ec1f3901b8562c02a824b30bbe1 [stream]
[debug] [2022-05-27T10:05:32.911Z] <<< [apiv2][status] POST https://upload-firebasehosting.googleapis.com/upload/sites/abrar-khalid-official/versions/63b4fedb0eb97af4/files/1d684711df46b3e027a544710fe3bb5aebd5d4cfd7434371af9966d3bafe2593 200
[debug] [2022-05-27T10:05:32.911Z] <<< [apiv2][body] POST https://upload-firebasehosting.googleapis.com/upload/sites/abrar-khalid-official/versions/63b4fedb0eb97af4/files/1d684711df46b3e027a544710fe3bb5aebd5d4cfd7434371af9966d3bafe2593 [stream]
[debug] [2022-05-27T10:05:32.939Z] <<< [apiv2][status] POST https://upload-firebasehosting.googleapis.com/upload/sites/abrar-khalid-official/versions/63b4fedb0eb97af4/files/0ee111ee962f87ba1ac13ac11630361a4d8df25c1f9b6bb33b11e559aec67f03 200
[debug] [2022-05-27T10:05:32.939Z] <<< [apiv2][body] POST https://upload-firebasehosting.googleapis.com/upload/sites/abrar-khalid-official/versions/63b4fedb0eb97af4/files/0ee111ee962f87ba1ac13ac11630361a4d8df25c1f9b6bb33b11e559aec67f03 [stream]
[debug] [2022-05-27T10:05:32.940Z] [hosting][upload queue][FINAL] {"max":4679,"min":2511,"avg":3444.4,"active":0,"complete":5,"success":5,"errored":0,"retried":0,"total":5,"elapsed":4680}
[info] +  hosting[abrar-khalid-official]: file upload complete 
[debug] [2022-05-27T10:05:32.943Z] [hosting] deploy completed after 7151ms
[debug] [2022-05-27T10:05:32.952Z] [
  {
    "config": {
      "public": "public",
      "ignore": [
        "firebase.json",
        "**/.*",
        "**/node_modules/**"
      ],
      "rewrites": [
        {
          "source": "**",
          "destination": "/index.html"
        }
      ],
      "site": "abrar-khalid-official"
    },
    "site": "abrar-khalid-official",
    "version": "projects/144727793354/sites/abrar-khalid-official/versions/63b4fedb0eb97af4"
  }
]
[info] i  hosting[abrar-khalid-official]: finalizing version... 
[debug] [2022-05-27T10:05:32.955Z] >>> [apiv2][query] PATCH https://firebasehosting.googleapis.com/v1beta1/projects/144727793354/sites/abrar-khalid-official/versions/63b4fedb0eb97af4 updateMask=status%2Cconfig
[debug] [2022-05-27T10:05:32.955Z] >>> [apiv2][body] PATCH https://firebasehosting.googleapis.com/v1beta1/projects/144727793354/sites/abrar-khalid-official/versions/63b4fedb0eb97af4 {"status":"FINALIZED","config":{"rewrites":[{"glob":"**","path":"/index.html"}]}}
[debug] [2022-05-27T10:05:34.897Z] <<< [apiv2][status] PATCH https://firebasehosting.googleapis.com/v1beta1/projects/144727793354/sites/abrar-khalid-official/versions/63b4fedb0eb97af4 200
[debug] [2022-05-27T10:05:34.897Z] <<< [apiv2][body] PATCH https://firebasehosting.googleapis.com/v1beta1/projects/144727793354/sites/abrar-khalid-official/versions/63b4fedb0eb97af4 {"name":"projects/144727793354/sites/abrar-khalid-official/versions/63b4fedb0eb97af4","status":"FINALIZED","config":{"rewrites":[{"glob":"**","path":"/index.html"}]},"labels":{"deployment-tool":"cli-firebase"},"createTime":"2022-05-27T10:05:26.878567Z","createUser":{"email":"abrarprince471@gmail.com"},"finalizeTime":"2022-05-27T10:05:36.799859Z","finalizeUser":{"email":"abrarprince471@gmail.com"}}
[debug] [2022-05-27T10:05:34.898Z] [hosting] finalized version for abrar-khalid-official:[object Object]
[info] +  hosting[abrar-khalid-official]: version finalized 
[info] i  hosting[abrar-khalid-official]: releasing new version... 
[debug] [2022-05-27T10:05:34.901Z] >>> [apiv2][query] POST https://firebasehosting.googleapis.com/v1beta1/projects/144727793354/sites/abrar-khalid-official/releases versionName=projects%2F144727793354%2Fsites%2Fabrar-khalid-official%2Fversions%2F63b4fedb0eb97af4
[debug] [2022-05-27T10:05:34.902Z] >>> [apiv2][body] POST https://firebasehosting.googleapis.com/v1beta1/projects/144727793354/sites/abrar-khalid-official/releases {"message":null}
[debug] [2022-05-27T10:05:36.834Z] <<< [apiv2][status] POST https://firebasehosting.googleapis.com/v1beta1/projects/144727793354/sites/abrar-khalid-official/releases 200
[debug] [2022-05-27T10:05:36.835Z] <<< [apiv2][body] POST https://firebasehosting.googleapis.com/v1beta1/projects/144727793354/sites/abrar-khalid-official/releases {"name":"projects/144727793354/sites/abrar-khalid-official/releases/1653645937996328","version":{"name":"projects/144727793354/sites/abrar-khalid-official/versions/63b4fedb0eb97af4","status":"FINALIZED","config":{"rewrites":[{"glob":"**","path":"/index.html"}]},"labels":{"deployment-tool":"cli-firebase"},"createTime":"2022-05-27T10:05:26.878567Z","createUser":{"email":"abrarprince471@gmail.com","imageUrl":"https://lh3.googleusercontent.com/a-/AOh14GhJTn8DsGmZX1o0jYgGCF67R9eOTSeME5j1Vi7F8w"},"finalizeTime":"2022-05-27T10:05:36.799859Z","finalizeUser":{"email":"abrarprince471@gmail.com","imageUrl":"https://lh3.googleusercontent.com/a-/AOh14GhJTn8DsGmZX1o0jYgGCF67R9eOTSeME5j1Vi7F8w"}},"type":"DEPLOY","releaseTime":"2022-05-27T10:05:37.996328880Z","releaseUser":{"email":"abrarprince471@gmail.com","imageUrl":"https://lh3.googleusercontent.com/a-/AOh14GhJTn8DsGmZX1o0jYgGCF67R9eOTSeME5j1Vi7F8w"}}
[debug] [2022-05-27T10:05:36.835Z] [hosting] release: {"name":"projects/144727793354/sites/abrar-khalid-official/releases/1653645937996328","version":{"name":"projects/144727793354/sites/abrar-khalid-official/versions/63b4fedb0eb97af4","status":"FINALIZED","config":{"rewrites":[{"glob":"**","path":"/index.html"}]},"labels":{"deployment-tool":"cli-firebase"},"createTime":"2022-05-27T10:05:26.878567Z","createUser":{"email":"abrarprince471@gmail.com","imageUrl":"https://lh3.googleusercontent.com/a-/AOh14GhJTn8DsGmZX1o0jYgGCF67R9eOTSeME5j1Vi7F8w"},"finalizeTime":"2022-05-27T10:05:36.799859Z","finalizeUser":{"email":"abrarprince471@gmail.com","imageUrl":"https://lh3.googleusercontent.com/a-/AOh14GhJTn8DsGmZX1o0jYgGCF67R9eOTSeME5j1Vi7F8w"}},"type":"DEPLOY","releaseTime":"2022-05-27T10:05:37.996328880Z","releaseUser":{"email":"abrarprince471@gmail.com","imageUrl":"https://lh3.googleusercontent.com/a-/AOh14GhJTn8DsGmZX1o0jYgGCF67R9eOTSeME5j1Vi7F8w"}}
[info] +  hosting[abrar-khalid-official]: release complete 
[info] 
[info] +  Deploy complete! 
[info] 
[info] Project Console: https://console.firebase.google.com/project/abrar-khalid-official/overview
[info] Hosting URL: https://abrar-khalid-official.web.app
